TN:
SF:src/Investment.sol
FN:68,Investment.onlyAdmin
FNDA:2,Investment.onlyAdmin
DA:69,2
BRDA:69,0,0,-
BRDA:69,0,1,24
FN:73,Investment.onlyInvestor
FNDA:2,Investment.onlyInvestor
DA:74,2
BRDA:74,1,0,-
DA:75,0
FN:80,Investment.onlySuperAdmin
FNDA:8,Investment.onlySuperAdmin
DA:82,8
BRDA:82,2,0,-
BRDA:82,2,1,3
FN:86,Investment.
FNDA:0,Investment.
DA:87,0
DA:88,0
DA:89,0
FN:92,Investment.setAdmin
FNDA:16,Investment.setAdmin
DA:93,16
BRDA:93,3,0,-
BRDA:93,3,1,16
DA:94,16
DA:96,16
FN:99,Investment.checkAdmin
FNDA:3,Investment.checkAdmin
DA:102,3
FN:105,Investment.removeAdmin
FNDA:1,Investment.removeAdmin
DA:106,1
BRDA:106,4,0,-
BRDA:106,4,1,1
DA:108,1
DA:110,1
FN:113,Investment.addInvestor
FNDA:24,Investment.addInvestor
DA:114,24
BRDA:114,5,0,-
BRDA:114,5,1,24
DA:116,24
DA:118,24
FN:121,Investment.checkInvestor
FNDA:2,Investment.checkInvestor
DA:124,2
FN:127,Investment.removeInvestor
FNDA:1,Investment.removeInvestor
DA:128,1
BRDA:128,6,0,-
BRDA:128,6,1,1
DA:130,1
DA:132,1
FN:135,Investment.addInvestmentEthers
FNDA:2,Investment.addInvestmentEthers
DA:138,2
BRDA:138,7,0,-
DA:139,0
DA:142,2
DA:143,2
DA:144,2
DA:146,2
DA:148,2
FN:151,Investment.withdrawInvestmentEthers
FNDA:1,Investment.withdrawInvestmentEthers
DA:152,1
BRDA:152,8,0,-
BRDA:152,8,1,1
DA:154,1
DA:155,1
DA:157,1
DA:158,1
DA:159,1
DA:160,1
DA:162,1
DA:164,1
FN:167,Investment.getInvestmentEthers
FNDA:1,Investment.getInvestmentEthers
DA:168,1
FN:171,Investment.addInvestmentERC20
FNDA:2,Investment.addInvestmentERC20
DA:172,2
BRDA:172,9,0,-
DA:173,0
DA:175,2
BRDA:175,10,0,-
BRDA:175,10,1,2
DA:176,2
DA:177,2
DA:178,2
DA:180,2
DA:181,2
FN:184,Investment.withdrawInvestmentERC20
FNDA:1,Investment.withdrawInvestmentERC20
DA:185,1
BRDA:185,11,0,-
DA:186,0
DA:189,1
DA:190,1
DA:192,1
DA:193,1
DA:194,1
DA:195,1
DA:197,1
DA:198,1
FN:201,Investment.getInvestmentERC20
FNDA:2,Investment.getInvestmentERC20
DA:202,2
FN:205,Investment.getInvestmentToken
FNDA:0,Investment.getInvestmentToken
DA:206,0
FN:209,Investment.calculateRewardEthers
FNDA:1,Investment.calculateRewardEthers
DA:212,1
DA:213,1
DA:214,1
DA:216,1
DA:217,1
FN:220,Investment.calculateRewardERC20
FNDA:1,Investment.calculateRewardERC20
DA:223,1
DA:224,1
DA:225,1
DA:227,1
DA:228,1
FN:231,Investment.setInterestRate
FNDA:1,Investment.setInterestRate
DA:232,1
FN:235,Investment.getInterestRate
FNDA:1,Investment.getInterestRate
DA:236,1
FN:239,Investment.
FNDA:0,Investment.
DA:241,0
BRDA:241,12,0,-
BRDA:241,12,1,-
DA:243,0
DA:245,0
FNF:22
FNH:19
LF:73
LH:62
BRF:22
BRH:8
end_of_record
TN:
SF:src/Token.sol
FN:10,Token.
FNDA:16,Token.
DA:13,8
FN:16,Token.mint
FNDA:24,Token.mint
DA:17,24
FNF:2
FNH:2
LF:2
LH:2
BRF:0
BRH:0
end_of_record
